                                    ********
                                  **        **
                                 *            *
                                **            **
                                **            **
                                 **          **
                                  **        **
                                    ********
                                      ****
                                      ****
        ****                          ****
     ******                           ****                                 ***
  ****************************************************************************
    *******                           ****                                 ***
        ****                          ****
                                       **
                                       **


             *****      **     *****     ** **       **     **   **
               **       **     **  *     ***         **     **** **
              **        **     *****     ****        **     **  ***
             ******     **     **        **  **      **     **   **

:: Powered by Spring Boot ::         (v2.0.4.RELEASE)

2018-12-07 17:10:21.139  INFO 3720 --- [           main] z.s.ZipkinServer                         : Starting ZipkinServer on B-0252-PC with PID 3720 (D:\spring_cloud_workspace\springcloud\zipkin-service\src\main\resources\zipkin-server-2.11.5-exec.jar started by B-0252 in D:\spring_cloud_workspace\springcloud\zipkin-service\src\main\resources)
2018-12-07 17:10:21.147  INFO 3720 --- [           main] z.s.ZipkinServer                         : The following profiles are active: shared
2018-12-07 17:10:21.215  INFO 3720 --- [           main] ConfigServletWebServerApplicationContext : Refreshing org.springframework.boot.web.servlet.context.AnnotationConfigServletWebServerApplicationContext@5f341870: startup date [Fri Dec 07 17:10:21 CST 2018]; root of context hierarchy
2018-12-07 17:10:22.446  INFO 3720 --- [           main] o.s.b.f.s.DefaultListableBeanFactory     : Overriding bean definition for bean 'characterEncodingFilter' with a different definition: replacing [Root bean: class [null]; scope=; abstract=false; lazyInit=false; autowireMode=3; dependencyCheck=0; autowireCandidate=true; primary=false; factoryBeanName=org.springframework.boot.autoconfigure.web.servlet.HttpEncodingAutoConfiguration; factoryMethodName=characterEncodingFilter; initMethodName=null; destroyMethodName=(inferred); defined in class path resource [org/springframework/boot/autoconfigure/web/servlet/HttpEncodingAutoConfiguration.class]] with [Root bean: class [null]; scope=; abstract=false; lazyInit=false; autowireMode=3; dependencyCheck=0; autowireCandidate=true; primary=false; factoryBeanName=zipkin2.autoconfigure.ui.ZipkinUiAutoConfiguration; factoryMethodName=characterEncodingFilter; initMethodName=null; destroyMethodName=(inferred); defined in class path resource [zipkin2/autoconfigure/ui/ZipkinUiAutoConfiguration.class]]
2018-12-07 17:10:24.549  INFO 3720 --- [           main] i.u.servlet                              : Initializing Spring embedded WebApplicationContext
2018-12-07 17:10:24.550  INFO 3720 --- [           main] o.s.w.c.ContextLoader                    : Root WebApplicationContext: initialization completed in 3338 ms
2018-12-07 17:10:25.277  INFO 3720 --- [           main] o.s.b.w.s.FilterRegistrationBean         : Mapping filter: 'webMvcMetricsFilter' to: [/*]
2018-12-07 17:10:25.279  INFO 3720 --- [           main] o.s.b.w.s.FilterRegistrationBean         : Mapping filter: 'hiddenHttpMethodFilter' to: [/*]
2018-12-07 17:10:25.279  INFO 3720 --- [           main] o.s.b.w.s.FilterRegistrationBean         : Mapping filter: 'httpPutFormContentFilter' to: [/*]
2018-12-07 17:10:25.279  INFO 3720 --- [           main] o.s.b.w.s.FilterRegistrationBean         : Mapping filter: 'requestContextFilter' to: [/*]
2018-12-07 17:10:25.280  INFO 3720 --- [           main] o.s.b.w.s.FilterRegistrationBean         : Mapping filter: 'httpTraceFilter' to: [/*]
2018-12-07 17:10:25.280  INFO 3720 --- [           main] o.s.b.w.s.FilterRegistrationBean         : Mapping filter: 'characterEncodingFilter' to: [/*]
2018-12-07 17:10:25.280  INFO 3720 --- [           main] o.s.b.w.s.ServletRegistrationBean        : Servlet dispatcherServlet mapped to [/]
2018-12-07 17:10:25.638  INFO 3720 --- [           main] s.w.s.m.m.a.RequestMappingHandlerAdapter : Looking for @ControllerAdvice: org.springframework.boot.web.servlet.context.AnnotationConfigServletWebServerApplicationContext@5f341870: startup date [Fri Dec 07 17:10:21 CST 2018]; root of context hierarchy
2018-12-07 17:10:25.784  INFO 3720 --- [           main] s.w.s.m.m.a.RequestMappingHandlerMapping : Mapped "{[/api/v2/dependencies],methods=[GET],produces=[application/json]}" onto public byte[] zipkin2.server.internal.ZipkinQueryApiV2.getDependencies(long,java.lang.Long) throws java.io.IOException
2018-12-07 17:10:25.785  INFO 3720 --- [           main] s.w.s.m.m.a.RequestMappingHandlerMapping : Mapped "{[/api/v2/services],methods=[GET]}" onto public org.springframework.http.ResponseEntity<java.util.List<java.lang.String>> zipkin2.server.internal.ZipkinQueryApiV2.getServiceNames() throws java.io.IOException
2018-12-07 17:10:25.786  INFO 3720 --- [           main] s.w.s.m.m.a.RequestMappingHandlerMapping : Mapped "{[/api/v2/spans],methods=[GET]}" onto public org.springframework.http.ResponseEntity<java.util.List<java.lang.String>> zipkin2.server.internal.ZipkinQueryApiV2.getSpanNames(java.lang.String) throws java.io.IOException
2018-12-07 17:10:25.786  INFO 3720 --- [           main] s.w.s.m.m.a.RequestMappingHandlerMapping : Mapped "{[/api/v2/traces],methods=[GET],produces=[application/json]}" onto public java.lang.String zipkin2.server.internal.ZipkinQueryApiV2.getTraces(java.lang.String,java.lang.String,java.lang.String,java.lang.Long,java.lang.Long,java.lang.Long,java.lang.Long,int) throws java.io.IOException
2018-12-07 17:10:25.786  INFO 3720 --- [           main] s.w.s.m.m.a.RequestMappingHandlerMapping : Mapped "{[/api/v2/trace/{traceIdHex}],methods=[GET],produces=[application/json]}" onto public java.lang.String zipkin2.server.internal.ZipkinQueryApiV2.getTrace(java.lang.String,org.springframework.web.context.request.WebRequest) throws java.io.IOException
2018-12-07 17:10:25.790  INFO 3720 --- [           main] s.w.s.m.m.a.RequestMappingHandlerMapping : Mapped "{[/metrics],methods=[GET]}" onto public com.fasterxml.jackson.databind.node.ObjectNode zipkin2.server.internal.MetricsHealthController.fetchMetricsFromMicrometer()
2018-12-07 17:10:25.791  INFO 3720 --- [           main] s.w.s.m.m.a.RequestMappingHandlerMapping : Mapped "{[/health],methods=[GET]}" onto public org.springframework.http.ResponseEntity<java.util.Map> zipkin2.server.internal.MetricsHealthController.getHealth()
2018-12-07 17:10:25.793  INFO 3720 --- [           main] s.w.s.m.m.a.RequestMappingHandlerMapping : Mapped "{[/error]}" onto public org.springframework.http.ResponseEntity<java.util.Map<java.lang.String, java.lang.Object>> org.springframework.boot.autoconfigure.web.servlet.error.BasicErrorController.error(javax.servlet.http.HttpServletRequest)
2018-12-07 17:10:25.794  INFO 3720 --- [           main] s.w.s.m.m.a.RequestMappingHandlerMapping : Mapped "{[/error],produces=[text/html]}" onto public org.springframework.web.servlet.ModelAndView org.springframework.boot.autoconfigure.web.servlet.error.BasicErrorController.errorHtml(javax.servlet.http.HttpServletRequest,javax.servlet.http.HttpServletResponse)
2018-12-07 17:10:25.799  INFO 3720 --- [           main] s.w.s.m.m.a.RequestMappingHandlerMapping : Mapped "{[/zipkin/config.json],methods=[GET]}" onto public org.springframework.http.ResponseEntity<zipkin2.autoconfigure.ui.ZipkinUiProperties> zipkin2.autoconfigure.ui.ZipkinUiAutoConfiguration.serveUiConfig()
2018-12-07 17:10:25.799  INFO 3720 --- [           main] s.w.s.m.m.a.RequestMappingHandlerMapping : Mapped "{[/zipkin/index.html],methods=[GET]}" onto public org.springframework.http.ResponseEntity<?> zipkin2.autoconfigure.ui.ZipkinUiAutoConfiguration.serveIndex() throws java.io.IOException
2018-12-07 17:10:25.800  INFO 3720 --- [           main] s.w.s.m.m.a.RequestMappingHandlerMapping : Mapped "{[/zipkin/api/**],methods=[GET]}" onto public org.springframework.web.servlet.ModelAndView zipkin2.autoconfigure.ui.ZipkinUiAutoConfiguration.forwardApi(javax.servlet.http.HttpServletRequest)
2018-12-07 17:10:25.800  INFO 3720 --- [           main] s.w.s.m.m.a.RequestMappingHandlerMapping : Mapped "{[/favicon.ico],methods=[GET]}" onto public org.springframework.web.servlet.ModelAndView zipkin2.autoconfigure.ui.ZipkinUiAutoConfiguration.favicon()
2018-12-07 17:10:25.800  INFO 3720 --- [           main] s.w.s.m.m.a.RequestMappingHandlerMapping : Mapped "{[/],methods=[GET]}" onto public void zipkin2.autoconfigure.ui.ZipkinUiAutoConfiguration.redirectRoot(javax.servlet.http.HttpServletResponse)
2018-12-07 17:10:25.801  INFO 3720 --- [           main] s.w.s.m.m.a.RequestMappingHandlerMapping : Mapped "{[/zipkin/ || /zipkin/traces/{id} || /zipkin/dependency || /zipkin/traceViewer],methods=[GET]}" onto public org.springframework.web.servlet.ModelAndView zipkin2.autoconfigure.ui.ZipkinUiAutoConfiguration.forwardUiEndpoints()
2018-12-07 17:10:25.828  INFO 3720 --- [           main] o.s.w.s.h.SimpleUrlHandlerMapping        : Mapped URL path [/info] onto handler of type [class org.springframework.web.servlet.mvc.ParameterizableViewController]
2018-12-07 17:10:25.828  INFO 3720 --- [           main] o.s.w.s.h.SimpleUrlHandlerMapping        : Mapped URL path [/prometheus] onto handler of type [class org.springframework.web.servlet.mvc.ParameterizableViewController]
2018-12-07 17:10:25.857  INFO 3720 --- [           main] o.s.w.s.h.SimpleUrlHandlerMapping        : Mapped URL path [/webjars/**] onto handler of type [class org.springframework.web.servlet.resource.ResourceHttpRequestHandler]
2018-12-07 17:10:25.858  INFO 3720 --- [           main] o.s.w.s.h.SimpleUrlHandlerMapping        : Mapped URL path [/**] onto handler of type [class org.springframework.web.servlet.resource.ResourceHttpRequestHandler]
2018-12-07 17:10:25.859  INFO 3720 --- [           main] o.s.w.s.h.SimpleUrlHandlerMapping        : Mapped URL path [/zipkin/**] onto handler of type [class org.springframework.web.servlet.resource.ResourceHttpRequestHandler]
2018-12-07 17:10:26.364  INFO 3720 --- [           main] c.d.d.core                               : DataStax Java driver 3.6.0 for Apache Cassandra
2018-12-07 17:10:26.380  INFO 3720 --- [           main] c.d.d.c.GuavaCompatibility               : Detected Guava >= 19 in the classpath, using modern compatibility layer
2018-12-07 17:10:26.617  INFO 3720 --- [           main] c.d.d.c.Native                           : Could not load JNR C Library, native system calls through this library will not be available (set this logger level to DEBUG to see the full stack trace).
2018-12-07 17:10:26.617  INFO 3720 --- [           main] c.d.d.c.ClockFactory                     : Using java.lang.System clock to generate timestamps.
2018-12-07 17:10:27.284  INFO 3720 --- [           main] o.s.b.a.e.w.EndpointLinksResolver        : Exposing 15 endpoint(s) beneath base path '/actuator'
2018-12-07 17:10:27.308  INFO 3720 --- [           main] s.b.a.e.w.s.WebMvcEndpointHandlerMapping : Mapped "{[/actuator/auditevents],methods=[GET],produces=[application/vnd.spring-boot.actuator.v2+json || application/json]}" onto public java.lang.Object org.springframework.boot.actuate.endpoint.web.servlet.AbstractWebMvcEndpointHandlerMapping$OperationHandler.handle(javax.servlet.http.HttpServletRequest,java.util.Map<java.lang.String, java.lang.String>)
2018-12-07 17:10:27.309  INFO 3720 --- [           main] s.b.a.e.w.s.WebMvcEndpointHandlerMapping : Mapped "{[/actuator/beans],methods=[GET],produces=[application/vnd.spring-boot.actuator.v2+json || application/json]}" onto public java.lang.Object org.springframework.boot.actuate.endpoint.web.servlet.AbstractWebMvcEndpointHandlerMapping$OperationHandler.handle(javax.servlet.http.HttpServletRequest,java.util.Map<java.lang.String, java.lang.String>)
2018-12-07 17:10:27.310  INFO 3720 --- [           main] s.b.a.e.w.s.WebMvcEndpointHandlerMapping : Mapped "{[/actuator/health],methods=[GET],produces=[application/vnd.spring-boot.actuator.v2+json || application/json]}" onto public java.lang.Object org.springframework.boot.actuate.endpoint.web.servlet.AbstractWebMvcEndpointHandlerMapping$OperationHandler.handle(javax.servlet.http.HttpServletRequest,java.util.Map<java.lang.String, java.lang.String>)
2018-12-07 17:10:27.311  INFO 3720 --- [           main] s.b.a.e.w.s.WebMvcEndpointHandlerMapping : Mapped "{[/actuator/conditions],methods=[GET],produces=[application/vnd.spring-boot.actuator.v2+json || application/json]}" onto public java.lang.Object org.springframework.boot.actuate.endpoint.web.servlet.AbstractWebMvcEndpointHandlerMapping$OperationHandler.handle(javax.servlet.http.HttpServletRequest,java.util.Map<java.lang.String, java.lang.String>)
2018-12-07 17:10:27.311  INFO 3720 --- [           main] s.b.a.e.w.s.WebMvcEndpointHandlerMapping : Mapped "{[/actuator/configprops],methods=[GET],produces=[application/vnd.spring-boot.actuator.v2+json || application/json]}" onto public java.lang.Object org.springframework.boot.actuate.endpoint.web.servlet.AbstractWebMvcEndpointHandlerMapping$OperationHandler.handle(javax.servlet.http.HttpServletRequest,java.util.Map<java.lang.String, java.lang.String>)
2018-12-07 17:10:27.311  INFO 3720 --- [           main] s.b.a.e.w.s.WebMvcEndpointHandlerMapping : Mapped "{[/actuator/env],methods=[GET],produces=[application/vnd.spring-boot.actuator.v2+json || application/json]}" onto public java.lang.Object org.springframework.boot.actuate.endpoint.web.servlet.AbstractWebMvcEndpointHandlerMapping$OperationHandler.handle(javax.servlet.http.HttpServletRequest,java.util.Map<java.lang.String, java.lang.String>)
2018-12-07 17:10:27.312  INFO 3720 --- [           main] s.b.a.e.w.s.WebMvcEndpointHandlerMapping : Mapped "{[/actuator/env/{toMatch}],methods=[GET],produces=[application/vnd.spring-boot.actuator.v2+json || application/json]}" onto public java.lang.Object org.springframework.boot.actuate.endpoint.web.servlet.AbstractWebMvcEndpointHandlerMapping$OperationHandler.handle(javax.servlet.http.HttpServletRequest,java.util.Map<java.lang.String, java.lang.String>)
2018-12-07 17:10:27.312  INFO 3720 --- [           main] s.b.a.e.w.s.WebMvcEndpointHandlerMapping : Mapped "{[/actuator/info],methods=[GET],produces=[application/vnd.spring-boot.actuator.v2+json || application/json]}" onto public java.lang.Object org.springframework.boot.actuate.endpoint.web.servlet.AbstractWebMvcEndpointHandlerMapping$OperationHandler.handle(javax.servlet.http.HttpServletRequest,java.util.Map<java.lang.String, java.lang.String>)
2018-12-07 17:10:27.313  INFO 3720 --- [           main] s.b.a.e.w.s.WebMvcEndpointHandlerMapping : Mapped "{[/actuator/loggers/{name}],methods=[POST],consumes=[application/vnd.spring-boot.actuator.v2+json || application/json]}" onto public java.lang.Object org.springframework.boot.actuate.endpoint.web.servlet.AbstractWebMvcEndpointHandlerMapping$OperationHandler.handle(javax.servlet.http.HttpServletRequest,java.util.Map<java.lang.String, java.lang.String>)
2018-12-07 17:10:27.314  INFO 3720 --- [           main] s.b.a.e.w.s.WebMvcEndpointHandlerMapping : Mapped "{[/actuator/loggers],methods=[GET],produces=[application/vnd.spring-boot.actuator.v2+json || application/json]}" onto public java.lang.Object org.springframework.boot.actuate.endpoint.web.servlet.AbstractWebMvcEndpointHandlerMapping$OperationHandler.handle(javax.servlet.http.HttpServletRequest,java.util.Map<java.lang.String, java.lang.String>)
2018-12-07 17:10:27.314  INFO 3720 --- [           main] s.b.a.e.w.s.WebMvcEndpointHandlerMapping : Mapped "{[/actuator/loggers/{name}],methods=[GET],produces=[application/vnd.spring-boot.actuator.v2+json || application/json]}" onto public java.lang.Object org.springframework.boot.actuate.endpoint.web.servlet.AbstractWebMvcEndpointHandlerMapping$OperationHandler.handle(javax.servlet.http.HttpServletRequest,java.util.Map<java.lang.String, java.lang.String>)
2018-12-07 17:10:27.314  INFO 3720 --- [           main] s.b.a.e.w.s.WebMvcEndpointHandlerMapping : Mapped "{[/actuator/heapdump],methods=[GET],produces=[application/octet-stream]}" onto public java.lang.Object org.springframework.boot.actuate.endpoint.web.servlet.AbstractWebMvcEndpointHandlerMapping$OperationHandler.handle(javax.servlet.http.HttpServletRequest,java.util.Map<java.lang.String, java.lang.String>)
2018-12-07 17:10:27.315  INFO 3720 --- [           main] s.b.a.e.w.s.WebMvcEndpointHandlerMapping : Mapped "{[/actuator/threaddump],methods=[GET],produces=[application/vnd.spring-boot.actuator.v2+json || application/json]}" onto public java.lang.Object org.springframework.boot.actuate.endpoint.web.servlet.AbstractWebMvcEndpointHandlerMapping$OperationHandler.handle(javax.servlet.http.HttpServletRequest,java.util.Map<java.lang.String, java.lang.String>)
2018-12-07 17:10:27.315  INFO 3720 --- [           main] s.b.a.e.w.s.WebMvcEndpointHandlerMapping : Mapped "{[/actuator/prometheus],methods=[GET],produces=[text/plain;version=0.0.4;charset=utf-8]}" onto public java.lang.Object org.springframework.boot.actuate.endpoint.web.servlet.AbstractWebMvcEndpointHandlerMapping$OperationHandler.handle(javax.servlet.http.HttpServletRequest,java.util.Map<java.lang.String, java.lang.String>)
2018-12-07 17:10:27.316  INFO 3720 --- [           main] s.b.a.e.w.s.WebMvcEndpointHandlerMapping : Mapped "{[/actuator/metrics],methods=[GET],produces=[application/vnd.spring-boot.actuator.v2+json || application/json]}" onto public java.lang.Object org.springframework.boot.actuate.endpoint.web.servlet.AbstractWebMvcEndpointHandlerMapping$OperationHandler.handle(javax.servlet.http.HttpServletRequest,java.util.Map<java.lang.String, java.lang.String>)
2018-12-07 17:10:27.316  INFO 3720 --- [           main] s.b.a.e.w.s.WebMvcEndpointHandlerMapping : Mapped "{[/actuator/metrics/{requiredMetricName}],methods=[GET],produces=[application/vnd.spring-boot.actuator.v2+json || application/json]}" onto public java.lang.Object org.springframework.boot.actuate.endpoint.web.servlet.AbstractWebMvcEndpointHandlerMapping$OperationHandler.handle(javax.servlet.http.HttpServletRequest,java.util.Map<java.lang.String, java.lang.String>)
2018-12-07 17:10:27.316  INFO 3720 --- [           main] s.b.a.e.w.s.WebMvcEndpointHandlerMapping : Mapped "{[/actuator/scheduledtasks],methods=[GET],produces=[application/vnd.spring-boot.actuator.v2+json || application/json]}" onto public java.lang.Object org.springframework.boot.actuate.endpoint.web.servlet.AbstractWebMvcEndpointHandlerMapping$OperationHandler.handle(javax.servlet.http.HttpServletRequest,java.util.Map<java.lang.String, java.lang.String>)
2018-12-07 17:10:27.317  INFO 3720 --- [           main] s.b.a.e.w.s.WebMvcEndpointHandlerMapping : Mapped "{[/actuator/httptrace],methods=[GET],produces=[application/vnd.spring-boot.actuator.v2+json || application/json]}" onto public java.lang.Object org.springframework.boot.actuate.endpoint.web.servlet.AbstractWebMvcEndpointHandlerMapping$OperationHandler.handle(javax.servlet.http.HttpServletRequest,java.util.Map<java.lang.String, java.lang.String>)
2018-12-07 17:10:27.317  INFO 3720 --- [           main] s.b.a.e.w.s.WebMvcEndpointHandlerMapping : Mapped "{[/actuator/mappings],methods=[GET],produces=[application/vnd.spring-boot.actuator.v2+json || application/json]}" onto public java.lang.Object org.springframework.boot.actuate.endpoint.web.servlet.AbstractWebMvcEndpointHandlerMapping$OperationHandler.handle(javax.servlet.http.HttpServletRequest,java.util.Map<java.lang.String, java.lang.String>)
2018-12-07 17:10:27.319  INFO 3720 --- [           main] s.b.a.e.w.s.WebMvcEndpointHandlerMapping : Mapped "{[/actuator],methods=[GET],produces=[application/vnd.spring-boot.actuator.v2+json || application/json]}" onto protected java.util.Map<java.lang.String, java.util.Map<java.lang.String, org.springframework.boot.actuate.endpoint.web.Link>> org.springframework.boot.actuate.endpoint.web.servlet.WebMvcEndpointHandlerMapping.links(javax.servlet.http.HttpServletRequest,javax.servlet.http.HttpServletResponse)
2018-12-07 17:10:27.432  INFO 3720 --- [           main] o.xnio                                   : XNIO version 3.3.8.Final
2018-12-07 17:10:27.456  INFO 3720 --- [           main] o.x.nio                                  : XNIO NIO Implementation Version 3.3.8.Final
2018-12-07 17:10:27.534  INFO 3720 --- [           main] o.s.b.w.e.u.UndertowServletWebServer     : Undertow started on port(s) 9411 (http) with context path ''
2018-12-07 17:10:27.538  INFO 3720 --- [           main] z.s.ZipkinServer                         : Started ZipkinServer in 7.156 seconds (JVM running for 8.184)
2018-12-07 18:17:32.379  INFO 3720 --- [       Thread-4] ConfigServletWebServerApplicationContext : Closing org.springframework.boot.web.servlet.context.AnnotationConfigServletWebServerApplicationContext@5f341870: startup date [Fri Dec 07 17:10:21 CST 2018]; root of context hierarchy
